22-09-2023 16:58:28.512Z;functions.bot_text_art;      __     
22-09-2023 16:58:28.512Z;functions.bot_text_art;     [____]    
22-09-2023 16:58:28.513Z;functions.bot_text_art;   |=]()()[=|  
22-09-2023 16:58:28.513Z;functions.bot_text_art;     _\==/__    _____    ____              _____    ___   _  __
22-09-2023 16:58:28.514Z;functions.bot_text_art;   |__|   |_|  |  _  \  / ___|   | |      |_   _| / ___| | |/ /
22-09-2023 16:58:28.514Z;functions.bot_text_art;   |_|_/\_|_|  | |  | | | |      | |        | |   | |    | ' / 
22-09-2023 16:58:28.514Z;functions.bot_text_art;   | | __ | |  | |  | | | |      | |        | |   | |    |  <  
22-09-2023 16:58:28.516Z;functions.bot_text_art;   |_|[  ]|_|  | |__| | | |____  | |____   _| |_  | |__  | . \ 
22-09-2023 16:58:28.518Z;functions.bot_text_art;   \_|_||_|_/  |_____/   \_____| |______| |_____| \ ___| |_|\_\
22-09-2023 16:58:28.519Z;functions.bot_text_art;     |_||_|                                                     
22-09-2023 16:58:28.520Z;functions.bot_text_art;     | ||_|_   
22-09-2023 16:58:28.521Z;functions.bot_text_art;   |___||___|  
22-09-2023 16:58:28.521Z;functions.bot_text_art;               
22-09-2023 16:58:28.532Z;functions.open_RM;  OPEN PROGRAM RM
22-09-2023 16:58:36.822Z;functions.loggin_RM;  ENTER USER_NAME
22-09-2023 16:58:37.914Z;functions.loggin_RM;  ENTER PASSWORD
22-09-2023 16:58:38.855Z;functions.loggin_RM;  ENTER RM
22-09-2023 16:59:01.441Z;functions.enter_contas_a_pagar;  CLICK - TOTVS - LINHA RM
22-09-2023 16:59:05.586Z;functions.enter_contas_a_pagar;  CLICK - BACK OFFICE
22-09-2023 16:59:08.325Z;functions.enter_contas_a_pagar;  CLICK - GESTAO FINANCEIRA
22-09-2023 16:59:11.515Z;functions.enter_contas_a_pagar;  CLICK - CONTAS A PAGAR
22-09-2023 16:59:13.010Z;functions.enter_contas_a_pagar;  CLICK - LANCAMENTOS
22-09-2023 16:59:13.012Z;functions.data_filter;  CLICK - SELECIONA A DATA DE QUARTA FEIRA E DA PROXIMA TERÃ‡A
22-09-2023 16:59:13.014Z;functions.data_filter;  QUARTA-FEIRA: 20-09-2023
22-09-2023 16:59:13.015Z;functions.data_filter;  TERCA-FEIRA: 26-09-2023
22-09-2023 16:59:31.320Z;functions.show_exception_and_exit;  PyAutoGUI fail-safe triggered from mouse moving to a corner of the screen. To disable this fail-safe, set pyautogui.FAILSAFE to False. DISABLING FAIL-SAFE IS NOT RECOMMENDED.
Traceback (most recent call last):
  File "c:\projetos\remessas\SUBPROGRAMS\functions.py", line 125, in data_filter
    select_filter.click()
    ^^^^^^^^^^^^^^^^^^^
AttributeError: 'NoneType' object has no attribute 'click'

During handling of the above exception, another exception occurred:

Traceback (most recent call last):
  File "c:\projetos\remessas\main.py", line 16, in <module>
    data_filter()
  File "c:\projetos\remessas\SUBPROGRAMS\functions.py", line 129, in data_filter
    pyautogui.click(505, 357)
  File "C:\projetos\remessas\venv\Lib\site-packages\pyautogui\__init__.py", line 593, in wrapper
    failSafeCheck()
  File "C:\projetos\remessas\venv\Lib\site-packages\pyautogui\__init__.py", line 1734, in failSafeCheck
    raise FailSafeException(
pyautogui.FailSafeException: PyAutoGUI fail-safe triggered from mouse moving to a corner of the screen. To disable this fail-safe, set pyautogui.FAILSAFE to False. DISABLING FAIL-SAFE IS NOT RECOMMENDED.
